La génération a démarré 27/03/2014 13:45:29.
     1>Projet "C:\Users\sya\Desktop\Undersky\ProjetY\ProjetY.vcxproj" sur le nœud 2 (Build cible(s)).
     1>ClCompile:
         C:\Program Files (x86)\Microsoft Visual Studio 11.0\VC\bin\CL.exe /c /I"C:\Users\sya\Desktop\Undersky\ProjetY\SFML-2.1\include" /ZI /nologo /W3 /WX- /sdl /Od /Oy- /D SFML_STATIC /D WIN32 /D _DEBUG /D _WINDOWS /D _UNICODE /D UNICODE /Gm /EHsc /RTC1 /MDd /GS /fp:precise /Zc:wchar_t /Zc:forScope /Fo"Debug\\" /Fd"Debug\vc110.pdb" /Gd /TP /analyze- /errorReport:prompt Peon.cpp
         Peon.cpp
     1>c:\users\sya\desktop\undersky\projety\peon.cpp(16): warning C4244: 'argument' : conversion de 'double' en 'float', perte possible de données
     1>c:\users\sya\desktop\undersky\projety\peon.cpp(127): warning C4305: 'argument' : troncation de 'double' à 'float'
     1>c:\users\sya\desktop\undersky\projety\peon.cpp(129): warning C4305: 'argument' : troncation de 'double' à 'float'
     1>c:\users\sya\desktop\undersky\projety\peon.cpp(139): warning C4244: 'argument' : conversion de 'double' en 'float', perte possible de données
       Link:
         C:\Program Files (x86)\Microsoft Visual Studio 11.0\VC\bin\link.exe /ERRORREPORT:PROMPT /OUT:"C:\Users\sya\Desktop\Undersky\Debug\ProjetY.exe" /INCREMENTAL /NOLOGO /LIBPATH:"C:\Users\sya\Desktop\Undersky\ProjetY\SFML-2.1\lib" "sfml-graphics-s-d.lib" "sfml-window-s-d.lib" "sfml-system-s-d.lib" "sfml-main-d.lib" kernel32.lib user32.lib gdi32.lib winspool.lib comdlg32.lib advapi32.lib shell32.lib ole32.lib oleaut32.lib uuid.lib odbc32.lib odbccp32.lib /MANIFEST /MANIFESTUAC:"level='asInvoker' uiAccess='false'" /manifest:embed /DEBUG /PDB:"C:\Users\sya\Desktop\Undersky\Debug\ProjetY.pdb" /SUBSYSTEM:WINDOWS /TLBID:1 /DYNAMICBASE /NXCOMPAT /IMPLIB:"C:\Users\sya\Desktop\Undersky\Debug\ProjetY.lib" /MACHINE:X86 Debug\Character.obj
         Debug\ConvexPolygon.obj
         Debug\Game.obj
         Debug\main.obj
         Debug\Object.obj
         Debug\Peon.obj
         Debug\Player.obj
         Debug\Projectile.obj
         Debug\Room.obj
         Debug\Spearman.obj
         Debug\SquareHitbox.obj
         Debug\Still.obj
         Debug\TileMap.obj
         Debug\YoungLady.obj
         ProjetY.vcxproj -> C:\Users\sya\Desktop\Undersky\Debug\ProjetY.exe
     1>Génération du projet "C:\Users\sya\Desktop\Undersky\ProjetY\ProjetY.vcxproj" terminée (Build cible(s)).

La génération a réussi.

Temps écoulé 00:00:02.20
