C:\USERS\SYA\DESKTOP\UNDERSKY\PROJETY\DEBUG\CHARACTER.OBJ
C:\USERS\SYA\DESKTOP\UNDERSKY\PROJETY\DEBUG\CONVEXPOLYGON.OBJ
C:\USERS\SYA\DESKTOP\UNDERSKY\PROJETY\DEBUG\GAME.OBJ
C:\USERS\SYA\DESKTOP\UNDERSKY\PROJETY\DEBUG\MAIN.OBJ
C:\USERS\SYA\DESKTOP\UNDERSKY\PROJETY\DEBUG\OBJECT.OBJ
C:\USERS\SYA\DESKTOP\UNDERSKY\PROJETY\DEBUG\PLAYER.OBJ
C:\USERS\SYA\DESKTOP\UNDERSKY\PROJETY\DEBUG\PROJECTILE.OBJ
C:\USERS\SYA\DESKTOP\UNDERSKY\PROJETY\DEBUG\ROOM.OBJ
C:\USERS\SYA\DESKTOP\UNDERSKY\PROJETY\DEBUG\SPEARMAN.OBJ
C:\USERS\SYA\DESKTOP\UNDERSKY\PROJETY\DEBUG\SQUAREHITBOX.OBJ
C:\USERS\SYA\DESKTOP\UNDERSKY\PROJETY\DEBUG\STILL.OBJ
C:\USERS\SYA\DESKTOP\UNDERSKY\PROJETY\DEBUG\TILEMAP.OBJ
C:\USERS\SYA\DESKTOP\UNDERSKY\PROJETY\DEBUG\YOUNGLADY.OBJ
C:\USERS\SYA\DESKTOP\UNDERSKY\PROJETY\DEBUG\VC110.PDB
C:\USERS\SYA\DESKTOP\UNDERSKY\DEBUG\PROJETY.ILK
C:\USERS\SYA\DESKTOP\UNDERSKY\DEBUG\PROJETY.EXE
C:\USERS\SYA\DESKTOP\UNDERSKY\DEBUG\PROJETY.PDB
C:\Users\sya\Desktop\Undersky\ProjetY\Debug\Character.obj
C:\Users\sya\Desktop\Undersky\ProjetY\Debug\ConvexPolygon.obj
C:\Users\sya\Desktop\Undersky\ProjetY\Debug\Game.obj
C:\Users\sya\Desktop\Undersky\ProjetY\Debug\main.obj
C:\Users\sya\Desktop\Undersky\ProjetY\Debug\Object.obj
C:\Users\sya\Desktop\Undersky\ProjetY\Debug\Player.obj
C:\Users\sya\Desktop\Undersky\ProjetY\Debug\Projectile.obj
C:\Users\sya\Desktop\Undersky\ProjetY\Debug\Room.obj
C:\Users\sya\Desktop\Undersky\ProjetY\Debug\Spearman.obj
C:\Users\sya\Desktop\Undersky\ProjetY\Debug\SquareHitbox.obj
C:\Users\sya\Desktop\Undersky\ProjetY\Debug\Still.obj
C:\Users\sya\Desktop\Undersky\ProjetY\Debug\TileMap.obj
C:\Users\sya\Desktop\Undersky\ProjetY\Debug\YoungLady.obj
C:\Users\sya\Desktop\Undersky\ProjetY\Debug\cl.command.1.tlog
C:\Users\sya\Desktop\Undersky\ProjetY\Debug\CL.read.1.tlog
C:\Users\sya\Desktop\Undersky\ProjetY\Debug\CL.write.1.tlog
C:\Users\sya\Desktop\Undersky\ProjetY\Debug\link-cvtres.read.1.tlog
C:\Users\sya\Desktop\Undersky\ProjetY\Debug\link-cvtres.write.1.tlog
C:\Users\sya\Desktop\Undersky\ProjetY\Debug\link-rc.read.1.tlog
C:\Users\sya\Desktop\Undersky\ProjetY\Debug\link-rc.write.1.tlog
C:\Users\sya\Desktop\Undersky\ProjetY\Debug\link.command.1.tlog
C:\Users\sya\Desktop\Undersky\ProjetY\Debug\link.read.1.tlog
C:\Users\sya\Desktop\Undersky\ProjetY\Debug\link.read.2.tlog
C:\Users\sya\Desktop\Undersky\ProjetY\Debug\link.write.1.tlog
C:\Users\sya\Desktop\Undersky\ProjetY\Debug\vc110.idb
C:\Users\sya\Desktop\Undersky\ProjetY\Debug\vc110.pdb
C:\Users\sya\Desktop\Undersky\Debug\ProjetY.pdb
C:\Users\sya\Desktop\Undersky\Debug\ProjetY.exe
C:\Users\sya\Desktop\Undersky\Debug\ProjetY.ilk
